2018-08-21 08:27:21,908 INFO 3740 [egg:logger] init all loggers with options: {"dir":"D:\\personalCodes\\blog\\server\\logs\\egg-server","encoding":"utf8","env":"local","level":"INFO","consoleLevel":"INFO","disableConsoleAfterReady":false,"outputJSON":false,"buffer":true,"appLogName":"egg-server-web.log","coreLogName":"egg-web.log","agentLogName":"egg-agent.log","errorLogName":"common-error.log","coreLogger":{"consoleLevel":"WARN"},"allowDebugAtProd":false,"type":"application"}
2018-08-21 08:27:21,953 INFO 3740 [egg-schedule]: register schedule D:\personalCodes\blog\server\node_modules\egg-logrotator\app\schedule\clean_log.js
2018-08-21 08:27:21,953 INFO 3740 [egg-schedule]: register schedule D:\personalCodes\blog\server\node_modules\egg-logrotator\app\schedule\rotate_by_file.js
2018-08-21 08:27:22,036 INFO 3740 [egg-static] starting static serve /public/ -> D:\personalCodes\blog\server\app\public
2018-08-21 08:27:22,039 INFO 3740 [egg-security] use csrf middleware
2018-08-21 08:27:22,040 INFO 3740 [egg-security] use methodnoallow middleware
2018-08-21 08:27:22,041 INFO 3740 [egg-security] use noopen middleware
2018-08-21 08:27:22,042 INFO 3740 [egg-security] use nosniff middleware
2018-08-21 08:27:22,042 INFO 3740 [egg-security] use xssProtection middleware
2018-08-21 08:27:22,043 INFO 3740 [egg-security] use xframe middleware
2018-08-21 08:27:22,044 INFO 3740 [egg-security] use dta middleware
2018-08-21 08:27:22,044 INFO 3740 [egg-security] compose 7 middlewares into one security middleware
2018-08-21 08:27:22,111 INFO 3740 [egg:core] dump config after load, 62ms
2018-08-21 08:27:22,127 INFO 3740 [egg-watcher:app] watcher start success
2018-08-21 08:27:22,136 INFO 3740 [egg:core] dump config after ready, 6ms
2018-08-21 08:41:21,475 INFO 18672 [egg:logger] init all loggers with options: {"dir":"D:\\personalCodes\\blog\\server\\logs\\egg-server","encoding":"utf8","env":"local","level":"INFO","consoleLevel":"INFO","disableConsoleAfterReady":false,"outputJSON":false,"buffer":true,"appLogName":"egg-server-web.log","coreLogName":"egg-web.log","agentLogName":"egg-agent.log","errorLogName":"common-error.log","coreLogger":{"consoleLevel":"WARN"},"allowDebugAtProd":false,"type":"application"}
2018-08-21 08:41:21,526 INFO 18672 [egg-schedule]: register schedule D:\personalCodes\blog\server\node_modules\egg-logrotator\app\schedule\clean_log.js
2018-08-21 08:41:21,526 INFO 18672 [egg-schedule]: register schedule D:\personalCodes\blog\server\node_modules\egg-logrotator\app\schedule\rotate_by_file.js
2018-08-21 08:41:21,609 INFO 18672 [egg-static] starting static serve /public/ -> D:\personalCodes\blog\server\app\public
2018-08-21 08:41:21,612 INFO 18672 [egg-security] use csrf middleware
2018-08-21 08:41:21,613 INFO 18672 [egg-security] use methodnoallow middleware
2018-08-21 08:41:21,614 INFO 18672 [egg-security] use noopen middleware
2018-08-21 08:41:21,615 INFO 18672 [egg-security] use nosniff middleware
2018-08-21 08:41:21,616 INFO 18672 [egg-security] use xssProtection middleware
2018-08-21 08:41:21,616 INFO 18672 [egg-security] use xframe middleware
2018-08-21 08:41:21,617 INFO 18672 [egg-security] use dta middleware
2018-08-21 08:41:21,617 INFO 18672 [egg-security] compose 7 middlewares into one security middleware
2018-08-21 08:41:21,628 INFO 18672 [egg:core] dump config after load, 5ms
2018-08-21 08:41:21,643 INFO 18672 [egg-watcher:app] watcher start success
2018-08-21 08:41:21,651 INFO 18672 [egg:core] dump config after ready, 6ms
2018-08-23 08:03:26,502 INFO 26164 [egg:logger] init all loggers with options: {"dir":"D:\\personalCodes\\blog\\server\\logs\\egg-server","encoding":"utf8","env":"local","level":"INFO","consoleLevel":"INFO","disableConsoleAfterReady":false,"outputJSON":false,"buffer":true,"appLogName":"egg-server-web.log","coreLogName":"egg-web.log","agentLogName":"egg-agent.log","errorLogName":"common-error.log","coreLogger":{"consoleLevel":"WARN"},"allowDebugAtProd":false,"type":"application"}
2018-08-23 08:03:26,570 INFO 26164 [egg-schedule]: register schedule D:\personalCodes\blog\server\node_modules\egg-logrotator\app\schedule\clean_log.js
2018-08-23 08:03:26,570 INFO 26164 [egg-schedule]: register schedule D:\personalCodes\blog\server\node_modules\egg-logrotator\app\schedule\rotate_by_file.js
2018-08-23 08:03:26,755 INFO 26164 [egg-static] starting static serve /public/ -> D:\personalCodes\blog\server\app\public
2018-08-23 08:03:26,769 INFO 26164 [egg-security] use csrf middleware
2018-08-23 08:03:26,770 INFO 26164 [egg-security] use methodnoallow middleware
2018-08-23 08:03:26,771 INFO 26164 [egg-security] use noopen middleware
2018-08-23 08:03:26,772 INFO 26164 [egg-security] use nosniff middleware
2018-08-23 08:03:26,772 INFO 26164 [egg-security] use xssProtection middleware
2018-08-23 08:03:26,773 INFO 26164 [egg-security] use xframe middleware
2018-08-23 08:03:26,774 INFO 26164 [egg-security] use dta middleware
2018-08-23 08:03:26,774 INFO 26164 [egg-security] compose 7 middlewares into one security middleware
2018-08-23 08:03:26,784 INFO 26164 [egg:core] dump config after load, 6ms
2018-08-23 08:03:26,798 INFO 26164 [egg-watcher:app] watcher start success
2018-08-23 08:03:26,806 INFO 26164 [egg:core] dump config after ready, 6ms
2018-08-23 08:06:22,108 INFO 1000 [egg:logger] init all loggers with options: {"dir":"D:\\personalCodes\\blog\\server\\logs\\egg-server","encoding":"utf8","env":"local","level":"INFO","consoleLevel":"INFO","disableConsoleAfterReady":false,"outputJSON":false,"buffer":true,"appLogName":"egg-server-web.log","coreLogName":"egg-web.log","agentLogName":"egg-agent.log","errorLogName":"common-error.log","coreLogger":{"consoleLevel":"WARN"},"allowDebugAtProd":false,"type":"application"}
2018-08-23 08:06:22,155 INFO 1000 [egg-schedule]: register schedule D:\personalCodes\blog\server\node_modules\egg-logrotator\app\schedule\clean_log.js
2018-08-23 08:06:22,156 INFO 1000 [egg-schedule]: register schedule D:\personalCodes\blog\server\node_modules\egg-logrotator\app\schedule\rotate_by_file.js
2018-08-23 08:06:22,237 INFO 1000 [egg-static] starting static serve /public/ -> D:\personalCodes\blog\server\app\public
2018-08-23 08:06:22,240 INFO 1000 [egg-security] use csrf middleware
2018-08-23 08:06:22,241 INFO 1000 [egg-security] use methodnoallow middleware
2018-08-23 08:06:22,242 INFO 1000 [egg-security] use noopen middleware
2018-08-23 08:06:22,243 INFO 1000 [egg-security] use nosniff middleware
2018-08-23 08:06:22,244 INFO 1000 [egg-security] use xssProtection middleware
2018-08-23 08:06:22,244 INFO 1000 [egg-security] use xframe middleware
2018-08-23 08:06:22,245 INFO 1000 [egg-security] use dta middleware
2018-08-23 08:06:22,245 INFO 1000 [egg-security] compose 7 middlewares into one security middleware
2018-08-23 08:06:22,256 INFO 1000 [egg:core] dump config after load, 6ms
2018-08-23 08:06:22,267 INFO 1000 [egg-watcher:app] watcher start success
2018-08-23 08:06:22,275 INFO 1000 [egg:core] dump config after ready, 7ms
2018-08-23 08:06:53,923 INFO 23468 [egg:logger] init all loggers with options: {"dir":"D:\\personalCodes\\blog\\server\\logs\\egg-server","encoding":"utf8","env":"local","level":"INFO","consoleLevel":"INFO","disableConsoleAfterReady":false,"outputJSON":false,"buffer":true,"appLogName":"egg-server-web.log","coreLogName":"egg-web.log","agentLogName":"egg-agent.log","errorLogName":"common-error.log","coreLogger":{"consoleLevel":"WARN"},"allowDebugAtProd":false,"type":"application"}
2018-08-23 08:06:53,971 INFO 23468 [egg-schedule]: register schedule D:\personalCodes\blog\server\node_modules\egg-logrotator\app\schedule\clean_log.js
2018-08-23 08:06:53,971 INFO 23468 [egg-schedule]: register schedule D:\personalCodes\blog\server\node_modules\egg-logrotator\app\schedule\rotate_by_file.js
2018-08-23 08:06:54,054 INFO 23468 [egg-static] starting static serve /public/ -> D:\personalCodes\blog\server\app\public
2018-08-23 08:06:54,057 INFO 23468 [egg-security] use csrf middleware
2018-08-23 08:06:54,059 INFO 23468 [egg-security] use methodnoallow middleware
2018-08-23 08:06:54,059 INFO 23468 [egg-security] use noopen middleware
2018-08-23 08:06:54,060 INFO 23468 [egg-security] use nosniff middleware
2018-08-23 08:06:54,061 INFO 23468 [egg-security] use xssProtection middleware
2018-08-23 08:06:54,062 INFO 23468 [egg-security] use xframe middleware
2018-08-23 08:06:54,062 INFO 23468 [egg-security] use dta middleware
2018-08-23 08:06:54,062 INFO 23468 [egg-security] compose 7 middlewares into one security middleware
2018-08-23 08:06:54,076 INFO 23468 [egg:core] dump config after load, 7ms
2018-08-23 08:06:54,087 INFO 23468 [egg-watcher:app] watcher start success
2018-08-23 08:06:54,096 INFO 23468 [egg:core] dump config after ready, 7ms
2018-08-23 08:07:03,829 INFO 4620 [egg:logger] init all loggers with options: {"dir":"D:\\personalCodes\\blog\\server\\logs\\egg-server","encoding":"utf8","env":"local","level":"INFO","consoleLevel":"INFO","disableConsoleAfterReady":false,"outputJSON":false,"buffer":true,"appLogName":"egg-server-web.log","coreLogName":"egg-web.log","agentLogName":"egg-agent.log","errorLogName":"common-error.log","coreLogger":{"consoleLevel":"WARN"},"allowDebugAtProd":false,"type":"application"}
2018-08-23 08:07:03,877 INFO 4620 [egg-schedule]: register schedule D:\personalCodes\blog\server\node_modules\egg-logrotator\app\schedule\clean_log.js
2018-08-23 08:07:03,877 INFO 4620 [egg-schedule]: register schedule D:\personalCodes\blog\server\node_modules\egg-logrotator\app\schedule\rotate_by_file.js
2018-08-23 08:07:03,959 INFO 4620 [egg-static] starting static serve /public/ -> D:\personalCodes\blog\server\app\public
2018-08-23 08:07:03,962 INFO 4620 [egg-security] use csrf middleware
2018-08-23 08:07:03,963 INFO 4620 [egg-security] use methodnoallow middleware
2018-08-23 08:07:03,964 INFO 4620 [egg-security] use noopen middleware
2018-08-23 08:07:03,965 INFO 4620 [egg-security] use nosniff middleware
2018-08-23 08:07:03,966 INFO 4620 [egg-security] use xssProtection middleware
2018-08-23 08:07:03,966 INFO 4620 [egg-security] use xframe middleware
2018-08-23 08:07:03,967 INFO 4620 [egg-security] use dta middleware
2018-08-23 08:07:03,967 INFO 4620 [egg-security] compose 7 middlewares into one security middleware
2018-08-23 08:07:03,979 INFO 4620 [egg:core] dump config after load, 6ms
2018-08-23 08:07:03,990 INFO 4620 [egg-watcher:app] watcher start success
2018-08-23 08:07:03,999 INFO 4620 [egg:core] dump config after ready, 7ms
2018-08-23 08:07:46,090 INFO 16604 [egg:logger] init all loggers with options: {"dir":"D:\\personalCodes\\blog\\server\\logs\\egg-server","encoding":"utf8","env":"local","level":"INFO","consoleLevel":"INFO","disableConsoleAfterReady":false,"outputJSON":false,"buffer":true,"appLogName":"egg-server-web.log","coreLogName":"egg-web.log","agentLogName":"egg-agent.log","errorLogName":"common-error.log","coreLogger":{"consoleLevel":"WARN"},"allowDebugAtProd":false,"type":"application"}
2018-08-23 08:07:46,137 INFO 16604 [egg-schedule]: register schedule D:\personalCodes\blog\server\node_modules\egg-logrotator\app\schedule\clean_log.js
2018-08-23 08:07:46,137 INFO 16604 [egg-schedule]: register schedule D:\personalCodes\blog\server\node_modules\egg-logrotator\app\schedule\rotate_by_file.js
2018-08-23 08:07:46,221 INFO 16604 [egg-static] starting static serve /public/ -> D:\personalCodes\blog\server\app\public
2018-08-23 08:07:46,224 INFO 16604 [egg-security] use csrf middleware
2018-08-23 08:07:46,225 INFO 16604 [egg-security] use methodnoallow middleware
2018-08-23 08:07:46,226 INFO 16604 [egg-security] use noopen middleware
2018-08-23 08:07:46,227 INFO 16604 [egg-security] use nosniff middleware
2018-08-23 08:07:46,227 INFO 16604 [egg-security] use xssProtection middleware
2018-08-23 08:07:46,228 INFO 16604 [egg-security] use xframe middleware
2018-08-23 08:07:46,229 INFO 16604 [egg-security] use dta middleware
2018-08-23 08:07:46,229 INFO 16604 [egg-security] compose 7 middlewares into one security middleware
2018-08-23 08:07:46,241 INFO 16604 [egg:core] dump config after load, 6ms
2018-08-23 08:07:46,252 INFO 16604 [egg-watcher:app] watcher start success
2018-08-23 08:07:46,261 INFO 16604 [egg:core] dump config after ready, 7ms
2018-08-23 08:07:55,148 INFO 16604 [egg-view-nunjucks] loading templates from ["D:\\personalCodes\\blog\\server\\app\\view"]
2018-08-23 08:15:54,751 INFO 24284 [egg:logger] init all loggers with options: {"dir":"D:\\personalCodes\\blog\\server\\logs\\egg-server","encoding":"utf8","env":"local","level":"INFO","consoleLevel":"INFO","disableConsoleAfterReady":false,"outputJSON":false,"buffer":true,"appLogName":"egg-server-web.log","coreLogName":"egg-web.log","agentLogName":"egg-agent.log","errorLogName":"common-error.log","coreLogger":{"consoleLevel":"WARN"},"allowDebugAtProd":false,"type":"application"}
2018-08-23 08:15:54,798 INFO 24284 [egg-schedule]: register schedule D:\personalCodes\blog\server\node_modules\egg-logrotator\app\schedule\clean_log.js
2018-08-23 08:15:54,798 INFO 24284 [egg-schedule]: register schedule D:\personalCodes\blog\server\node_modules\egg-logrotator\app\schedule\rotate_by_file.js
2018-08-23 08:15:54,880 INFO 24284 [egg-static] starting static serve /public/ -> D:\personalCodes\blog\server\app\public
2018-08-23 08:15:54,883 INFO 24284 [egg-security] use csrf middleware
2018-08-23 08:15:54,884 INFO 24284 [egg-security] use methodnoallow middleware
2018-08-23 08:15:54,885 INFO 24284 [egg-security] use noopen middleware
2018-08-23 08:15:54,886 INFO 24284 [egg-security] use nosniff middleware
2018-08-23 08:15:54,887 INFO 24284 [egg-security] use xssProtection middleware
2018-08-23 08:15:54,887 INFO 24284 [egg-security] use xframe middleware
2018-08-23 08:15:54,888 INFO 24284 [egg-security] use dta middleware
2018-08-23 08:15:54,888 INFO 24284 [egg-security] compose 7 middlewares into one security middleware
2018-08-23 08:15:54,900 INFO 24284 [egg:core] dump config after load, 6ms
2018-08-23 08:15:54,911 INFO 24284 [egg-watcher:app] watcher start success
2018-08-23 08:15:54,920 INFO 24284 [egg:core] dump config after ready, 7ms
2018-08-23 08:17:49,556 INFO 13084 [egg:logger] init all loggers with options: {"dir":"D:\\personalCodes\\blog\\server\\logs\\egg-server","encoding":"utf8","env":"local","level":"INFO","consoleLevel":"INFO","disableConsoleAfterReady":false,"outputJSON":false,"buffer":true,"appLogName":"egg-server-web.log","coreLogName":"egg-web.log","agentLogName":"egg-agent.log","errorLogName":"common-error.log","coreLogger":{"consoleLevel":"WARN"},"allowDebugAtProd":false,"type":"application"}
2018-08-23 08:17:49,607 INFO 13084 [egg-schedule]: register schedule D:\personalCodes\blog\server\node_modules\egg-logrotator\app\schedule\clean_log.js
2018-08-23 08:17:49,607 INFO 13084 [egg-schedule]: register schedule D:\personalCodes\blog\server\node_modules\egg-logrotator\app\schedule\rotate_by_file.js
2018-08-23 08:17:49,690 INFO 13084 [egg-static] starting static serve /public/ -> D:\personalCodes\blog\server\app\public
2018-08-23 08:17:49,693 INFO 13084 [egg-security] use csrf middleware
2018-08-23 08:17:49,694 INFO 13084 [egg-security] use methodnoallow middleware
2018-08-23 08:17:49,695 INFO 13084 [egg-security] use noopen middleware
2018-08-23 08:17:49,696 INFO 13084 [egg-security] use nosniff middleware
2018-08-23 08:17:49,697 INFO 13084 [egg-security] use xssProtection middleware
2018-08-23 08:17:49,698 INFO 13084 [egg-security] use xframe middleware
2018-08-23 08:17:49,699 INFO 13084 [egg-security] use dta middleware
2018-08-23 08:17:49,699 INFO 13084 [egg-security] compose 7 middlewares into one security middleware
2018-08-23 08:17:49,710 INFO 13084 [egg:core] dump config after load, 6ms
2018-08-23 08:17:49,722 INFO 13084 [egg-watcher:app] watcher start success
2018-08-23 08:17:49,731 INFO 13084 [egg:core] dump config after ready, 8ms
2018-08-23 08:19:04,044 INFO 24212 [egg:logger] init all loggers with options: {"dir":"D:\\personalCodes\\blog\\server\\logs\\egg-server","encoding":"utf8","env":"local","level":"INFO","consoleLevel":"INFO","disableConsoleAfterReady":false,"outputJSON":false,"buffer":true,"appLogName":"egg-server-web.log","coreLogName":"egg-web.log","agentLogName":"egg-agent.log","errorLogName":"common-error.log","coreLogger":{"consoleLevel":"WARN"},"allowDebugAtProd":false,"type":"application"}
2018-08-23 08:19:04,090 INFO 24212 [egg-schedule]: register schedule D:\personalCodes\blog\server\node_modules\egg-logrotator\app\schedule\clean_log.js
2018-08-23 08:19:04,090 INFO 24212 [egg-schedule]: register schedule D:\personalCodes\blog\server\node_modules\egg-logrotator\app\schedule\rotate_by_file.js
2018-08-23 08:19:04,174 INFO 24212 [egg-static] starting static serve /public/ -> D:\personalCodes\blog\server\app\public
2018-08-23 08:19:04,177 INFO 24212 [egg-security] use csrf middleware
2018-08-23 08:19:04,179 INFO 24212 [egg-security] use methodnoallow middleware
2018-08-23 08:19:04,180 INFO 24212 [egg-security] use noopen middleware
2018-08-23 08:19:04,181 INFO 24212 [egg-security] use nosniff middleware
2018-08-23 08:19:04,182 INFO 24212 [egg-security] use xssProtection middleware
2018-08-23 08:19:04,182 INFO 24212 [egg-security] use xframe middleware
2018-08-23 08:19:04,183 INFO 24212 [egg-security] use dta middleware
2018-08-23 08:19:04,183 INFO 24212 [egg-security] compose 7 middlewares into one security middleware
2018-08-23 08:19:04,194 INFO 24212 [egg:core] dump config after load, 5ms
2018-08-23 08:19:04,205 INFO 24212 [egg-watcher:app] watcher start success
2018-08-23 08:19:04,214 INFO 24212 [egg:core] dump config after ready, 7ms
2018-08-23 08:20:33,753 INFO 17868 [egg:logger] init all loggers with options: {"dir":"D:\\personalCodes\\blog\\server\\logs\\egg-server","encoding":"utf8","env":"local","level":"INFO","consoleLevel":"INFO","disableConsoleAfterReady":false,"outputJSON":false,"buffer":true,"appLogName":"egg-server-web.log","coreLogName":"egg-web.log","agentLogName":"egg-agent.log","errorLogName":"common-error.log","coreLogger":{"consoleLevel":"WARN"},"allowDebugAtProd":false,"type":"application"}
2018-08-23 08:20:33,802 INFO 17868 [egg-schedule]: register schedule D:\personalCodes\blog\server\node_modules\egg-logrotator\app\schedule\clean_log.js
2018-08-23 08:20:33,802 INFO 17868 [egg-schedule]: register schedule D:\personalCodes\blog\server\node_modules\egg-logrotator\app\schedule\rotate_by_file.js
2018-08-23 08:20:33,886 INFO 17868 [egg-static] starting static serve /public/ -> D:\personalCodes\blog\server\app\public
2018-08-23 08:20:33,889 INFO 17868 [egg-security] use csrf middleware
2018-08-23 08:20:33,890 INFO 17868 [egg-security] use methodnoallow middleware
2018-08-23 08:20:33,891 INFO 17868 [egg-security] use noopen middleware
2018-08-23 08:20:33,892 INFO 17868 [egg-security] use nosniff middleware
2018-08-23 08:20:33,892 INFO 17868 [egg-security] use xssProtection middleware
2018-08-23 08:20:33,893 INFO 17868 [egg-security] use xframe middleware
2018-08-23 08:20:33,894 INFO 17868 [egg-security] use dta middleware
2018-08-23 08:20:33,894 INFO 17868 [egg-security] compose 7 middlewares into one security middleware
2018-08-23 08:20:33,906 INFO 17868 [egg:core] dump config after load, 6ms
2018-08-23 08:20:33,917 INFO 17868 [egg-watcher:app] watcher start success
2018-08-23 08:20:33,925 INFO 17868 [egg:core] dump config after ready, 6ms
